[2012-01-14 23:08:15] request.ERROR: Symfony\Component\HttpKernel\Exception\NotFoundHttpException: No route found for "GET /" (uncaught exception) at /var/www/inchiriere_new/vendor/symfony/src/Symfony/Bundle/FrameworkBundle/EventListener/RouterListener.php line 83 [] []
[2012-01-14 23:16:19] request.ERROR: Symfony\Component\HttpKernel\Exception\NotFoundHttpException: No route found for "HEAD /" (uncaught exception) at /var/www/inchiriere_new/vendor/symfony/src/Symfony/Bundle/FrameworkBundle/EventListener/RouterListener.php line 83 [] []
[2012-01-14 23:16:25] request.ERROR: Symfony\Component\HttpKernel\Exception\NotFoundHttpException: No route found for "GET /" (uncaught exception) at /var/www/inchiriere_new/app/cache/prod/classes.php line 4560 [] []
[2012-01-15 00:10:37] request.ERROR: Symfony\Component\HttpKernel\Exception\NotFoundHttpException: No route found for "GET /css/style.css" (uncaught exception) at /var/www/inchiriere_new/app/cache/prod/classes.php line 4560 [] []
[2012-01-15 00:10:37] request.ERROR: Symfony\Component\HttpKernel\Exception\NotFoundHttpException: No route found for "GET /images/checked.png" (uncaught exception) at /var/www/inchiriere_new/app/cache/prod/classes.php line 4560 [] []
[2012-01-15 00:10:37] request.ERROR: Symfony\Component\HttpKernel\Exception\NotFoundHttpException: No route found for "GET /images/search.png" (uncaught exception) at /var/www/inchiriere_new/app/cache/prod/classes.php line 4560 [] []
[2012-01-15 00:12:29] request.ERROR: Symfony\Component\HttpKernel\Exception\NotFoundHttpException: No route found for "GET /images/search.png" (uncaught exception) at /var/www/inchiriere_new/app/cache/prod/classes.php line 4560 [] []
[2012-01-15 00:12:29] request.ERROR: Symfony\Component\HttpKernel\Exception\NotFoundHttpException: No route found for "GET /images/checked.png" (uncaught exception) at /var/www/inchiriere_new/app/cache/prod/classes.php line 4560 [] []
[2012-01-15 00:12:29] request.ERROR: Symfony\Component\HttpKernel\Exception\NotFoundHttpException: No route found for "GET /images/house.png" (uncaught exception) at /var/www/inchiriere_new/app/cache/prod/classes.php line 4560 [] []
[2012-01-15 00:12:29] request.ERROR: Symfony\Component\HttpKernel\Exception\NotFoundHttpException: No route found for "GET /images/red_button.png" (uncaught exception) at /var/www/inchiriere_new/app/cache/prod/classes.php line 4560 [] []
[2012-01-15 00:12:29] request.ERROR: Symfony\Component\HttpKernel\Exception\NotFoundHttpException: No route found for "GET /images/logo.png" (uncaught exception) at /var/www/inchiriere_new/app/cache/prod/classes.php line 4560 [] []
[2012-01-15 00:12:29] request.ERROR: Symfony\Component\HttpKernel\Exception\NotFoundHttpException: No route found for "GET /images/red_button_small.png" (uncaught exception) at /var/www/inchiriere_new/app/cache/prod/classes.php line 4560 [] []
[2012-01-15 00:12:56] request.ERROR: Symfony\Component\HttpKernel\Exception\NotFoundHttpException: No route found for "GET /inchiriere_new/" (uncaught exception) at /var/www/inchiriere_new/app/cache/prod/classes.php line 4560 [] []
[2012-01-15 00:15:00] request.ERROR: Symfony\Component\HttpKernel\Exception\NotFoundHttpException: No route found for "GET /" (uncaught exception) at /var/www/inchiriere_new/app/cache/prod/classes.php line 4560 [] []
[2012-01-15 00:22:36] request.ERROR: Symfony\Component\HttpKernel\Exception\NotFoundHttpException: No route found for "GET /phpmyadmin" (uncaught exception) at /var/www/inchiriere_new/app/cache/prod/classes.php line 4560 [] []
[2012-01-15 00:22:50] request.ERROR: Symfony\Component\HttpKernel\Exception\NotFoundHttpException: No route found for "GET /phpmyadmin/index.php" (uncaught exception) at /var/www/inchiriere_new/app/cache/prod/classes.php line 4560 [] []
[2012-01-15 01:35:13] request.ERROR: Symfony\Component\HttpKernel\Exception\NotFoundHttpException: No route found for "GET /" (uncaught exception) at /var/www/inchiriere_new/app/cache/prod/classes.php line 4560 [] []
[2012-03-01 23:03:03] request.ERROR: Symfony\Component\HttpKernel\Exception\NotFoundHttpException: No route found for "HEAD /" (uncaught exception) at /var/www/inchiriere_new/app/cache/prod/classes.php line 4560 [] []
[2012-03-01 23:03:03] request.ERROR: Exception thrown when handling an exception (InvalidArgumentException: The directory "/var/www/inchiriere_new/app/cache/prod/annotations" is not writable.) [] []
[2012-03-01 23:03:04] request.ERROR: Symfony\Component\HttpKernel\Exception\NotFoundHttpException: No route found for "GET /" (uncaught exception) at /var/www/inchiriere_new/app/cache/prod/classes.php line 4560 [] []
[2012-03-01 23:03:04] request.ERROR: Exception thrown when handling an exception (InvalidArgumentException: The directory "/var/www/inchiriere_new/app/cache/prod/annotations" is not writable.) [] []
[2012-03-03 15:20:25] request.ERROR: Symfony\Component\HttpKernel\Exception\NotFoundHttpException: No route found for "GET /" (uncaught exception) at /var/www/inchiriere_new/app/cache/prod/classes.php line 4560 [] []
[2012-03-08 00:23:34] request.ERROR: Symfony\Component\HttpKernel\Exception\NotFoundHttpException: No route found for "GET /uploads/1" (uncaught exception) at /var/www/inchiriere_new/app/cache/prod/classes.php line 4560 [] []
[2012-03-08 00:23:35] request.ERROR: Symfony\Component\HttpKernel\Exception\NotFoundHttpException: No route found for "GET /uploads/3" (uncaught exception) at /var/www/inchiriere_new/app/cache/prod/classes.php line 4560 [] []
[2012-03-08 00:23:35] request.ERROR: Symfony\Component\HttpKernel\Exception\NotFoundHttpException: No route found for "GET /uploads/5" (uncaught exception) at /var/www/inchiriere_new/app/cache/prod/classes.php line 4560 [] []
[2012-03-08 00:23:35] request.ERROR: Symfony\Component\HttpKernel\Exception\NotFoundHttpException: No route found for "GET /uploads/0" (uncaught exception) at /var/www/inchiriere_new/app/cache/prod/classes.php line 4560 [] []
[2012-03-08 00:23:35] request.ERROR: Symfony\Component\HttpKernel\Exception\NotFoundHttpException: No route found for "GET /uploads/4" (uncaught exception) at /var/www/inchiriere_new/app/cache/prod/classes.php line 4560 [] []
[2012-03-08 00:23:35] request.ERROR: Symfony\Component\HttpKernel\Exception\NotFoundHttpException: No route found for "GET /uploads/2" (uncaught exception) at /var/www/inchiriere_new/app/cache/prod/classes.php line 4560 [] []
[2012-03-08 00:23:35] request.ERROR: Symfony\Component\HttpKernel\Exception\NotFoundHttpException: No route found for "GET /uploads/6" (uncaught exception) at /var/www/inchiriere_new/app/cache/prod/classes.php line 4560 [] []
[2012-03-08 00:54:51] request.ERROR: Symfony\Component\HttpKernel\Exception\NotFoundHttpException: No route found for "GET /uploads/th_th_dbcc925cec8915a298bacae1cb131c6e.jpg" (uncaught exception) at /var/www/inchiriere_new/app/cache/prod/classes.php line 4560 [] []
[2012-03-08 00:54:51] request.ERROR: Symfony\Component\HttpKernel\Exception\NotFoundHttpException: No route found for "GET /uploads/th_th_3109dfa4be3eff3abc40785c39b28510.jpg" (uncaught exception) at /var/www/inchiriere_new/app/cache/prod/classes.php line 4560 [] []
[2012-03-08 00:57:30] request.ERROR: Symfony\Component\HttpKernel\Exception\NotFoundHttpException: No route found for "GET /uploads/th_th_3109dfa4be3eff3abc40785c39b28510.jpg" (uncaught exception) at /var/www/inchiriere_new/app/cache/prod/classes.php line 4560 [] []
[2012-03-08 00:57:30] request.ERROR: Symfony\Component\HttpKernel\Exception\NotFoundHttpException: No route found for "GET /uploads/th_th_dbcc925cec8915a298bacae1cb131c6e.jpg" (uncaught exception) at /var/www/inchiriere_new/app/cache/prod/classes.php line 4560 [] []
[2012-03-08 00:59:29] request.ERROR: Symfony\Component\HttpKernel\Exception\NotFoundHttpException: No route found for "GET /uploads/th_th_3109dfa4be3eff3abc40785c39b28510.jpg" (uncaught exception) at /var/www/inchiriere_new/app/cache/prod/classes.php line 4560 [] []
[2012-03-08 00:59:29] request.ERROR: Symfony\Component\HttpKernel\Exception\NotFoundHttpException: No route found for "GET /uploads/th_th_dbcc925cec8915a298bacae1cb131c6e.jpg" (uncaught exception) at /var/www/inchiriere_new/app/cache/prod/classes.php line 4560 [] []
[2012-03-08 00:59:34] request.ERROR: Symfony\Component\HttpKernel\Exception\NotFoundHttpException: No route found for "GET /uploads/th_th_3109dfa4be3eff3abc40785c39b28510.jpg" (uncaught exception) at /var/www/inchiriere_new/app/cache/prod/classes.php line 4560 [] []
[2012-03-08 01:49:33] request.ERROR: Symfony\Component\HttpKernel\Exception\NotFoundHttpException: No route found for "GET /images/loading.gif" (uncaught exception) at /var/www/inchiriere_new/app/cache/prod/classes.php line 4560 [] []
[2012-03-08 01:49:33] request.ERROR: Symfony\Component\HttpKernel\Exception\NotFoundHttpException: No route found for "GET /images/close.gif" (uncaught exception) at /var/www/inchiriere_new/app/cache/prod/classes.php line 4560 [] []
[2012-03-08 01:49:34] request.ERROR: Symfony\Component\HttpKernel\Exception\NotFoundHttpException: No route found for "GET /images/next.gif" (uncaught exception) at /var/www/inchiriere_new/app/cache/prod/classes.php line 4560 [] []
[2012-03-08 01:49:37] request.ERROR: Symfony\Component\HttpKernel\Exception\NotFoundHttpException: No route found for "GET /images/next.gif" (uncaught exception) at /var/www/inchiriere_new/app/cache/prod/classes.php line 4560 [] []
[2012-03-08 01:49:38] request.ERROR: Symfony\Component\HttpKernel\Exception\NotFoundHttpException: No route found for "GET /images/next.gif" (uncaught exception) at /var/www/inchiriere_new/app/cache/prod/classes.php line 4560 [] []
[2012-03-08 01:49:45] request.ERROR: Symfony\Component\HttpKernel\Exception\NotFoundHttpException: No route found for "GET /images/next.gif" (uncaught exception) at /var/www/inchiriere_new/app/cache/prod/classes.php line 4560 [] []
[2012-03-08 01:50:30] request.ERROR: Symfony\Component\HttpKernel\Exception\NotFoundHttpException: No route found for "GET /images/loading.gif" (uncaught exception) at /var/www/inchiriere_new/app/cache/prod/classes.php line 4560 [] []
[2012-03-08 01:50:30] request.ERROR: Symfony\Component\HttpKernel\Exception\NotFoundHttpException: No route found for "GET /images/close.gif" (uncaught exception) at /var/www/inchiriere_new/app/cache/prod/classes.php line 4560 [] []
[2012-03-08 01:50:32] request.ERROR: Symfony\Component\HttpKernel\Exception\NotFoundHttpException: No route found for "GET /images/next.gif" (uncaught exception) at /var/www/inchiriere_new/app/cache/prod/classes.php line 4560 [] []
[2012-03-08 01:50:42] request.ERROR: Symfony\Component\HttpKernel\Exception\NotFoundHttpException: No route found for "GET /images/next.gif" (uncaught exception) at /var/www/inchiriere_new/app/cache/prod/classes.php line 4560 [] []
[2012-03-08 01:50:50] request.ERROR: Symfony\Component\HttpKernel\Exception\NotFoundHttpException: No route found for "GET /images/next.gif" (uncaught exception) at /var/www/inchiriere_new/app/cache/prod/classes.php line 4560 [] []
[2012-03-08 01:51:01] request.ERROR: Symfony\Component\HttpKernel\Exception\NotFoundHttpException: No route found for "GET /images/loading.gif" (uncaught exception) at /var/www/inchiriere_new/app/cache/prod/classes.php line 4560 [] []
[2012-03-08 01:52:21] request.ERROR: Symfony\Component\HttpKernel\Exception\NotFoundHttpException: No route found for "GET /images/next.gif" (uncaught exception) at /var/www/inchiriere_new/app/cache/prod/classes.php line 4560 [] []
[2012-03-08 01:52:24] request.ERROR: Symfony\Component\HttpKernel\Exception\NotFoundHttpException: No route found for "GET /images/loading.gif" (uncaught exception) at /var/www/inchiriere_new/app/cache/prod/classes.php line 4560 [] []
[2012-03-08 01:52:25] request.ERROR: Symfony\Component\HttpKernel\Exception\NotFoundHttpException: No route found for "GET /images/close.gif" (uncaught exception) at /var/www/inchiriere_new/app/cache/prod/classes.php line 4560 [] []
[2012-03-08 01:52:26] request.ERROR: Symfony\Component\HttpKernel\Exception\NotFoundHttpException: No route found for "GET /images/next.gif" (uncaught exception) at /var/www/inchiriere_new/app/cache/prod/classes.php line 4560 [] []
[2012-03-08 01:52:26] request.ERROR: Symfony\Component\HttpKernel\Exception\NotFoundHttpException: No route found for "GET /images/next.gif" (uncaught exception) at /var/www/inchiriere_new/app/cache/prod/classes.php line 4560 [] []
[2012-03-08 01:52:45] request.ERROR: Symfony\Component\HttpKernel\Exception\NotFoundHttpException: No route found for "GET /images/next.gif" (uncaught exception) at /var/www/inchiriere_new/app/cache/prod/classes.php line 4560 [] []
[2012-03-08 01:53:17] request.ERROR: Symfony\Component\HttpKernel\Exception\NotFoundHttpException: No route found for "GET /images/next.gif" (uncaught exception) at /var/www/inchiriere_new/app/cache/prod/classes.php line 4560 [] []
[2012-03-08 01:53:37] request.ERROR: Symfony\Component\HttpKernel\Exception\NotFoundHttpException: No route found for "GET /images/next.gif" (uncaught exception) at /var/www/inchiriere_new/app/cache/prod/classes.php line 4560 [] []
[2012-03-08 01:53:54] request.ERROR: Symfony\Component\HttpKernel\Exception\NotFoundHttpException: No route found for "GET /images/next.gif" (uncaught exception) at /var/www/inchiriere_new/app/cache/prod/classes.php line 4560 [] []
[2012-03-08 01:53:59] request.ERROR: Symfony\Component\HttpKernel\Exception\NotFoundHttpException: No route found for "GET /images/next.gif" (uncaught exception) at /var/www/inchiriere_new/app/cache/prod/classes.php line 4560 [] []
[2012-03-08 01:54:01] request.ERROR: Symfony\Component\HttpKernel\Exception\NotFoundHttpException: No route found for "GET /images/next.gif" (uncaught exception) at /var/www/inchiriere_new/app/cache/prod/classes.php line 4560 [] []
[2012-03-08 01:54:02] request.ERROR: Symfony\Component\HttpKernel\Exception\NotFoundHttpException: No route found for "GET /images/next.gif" (uncaught exception) at /var/www/inchiriere_new/app/cache/prod/classes.php line 4560 [] []
[2012-03-08 01:54:02] request.ERROR: Symfony\Component\HttpKernel\Exception\NotFoundHttpException: No route found for "GET /images/next.gif" (uncaught exception) at /var/www/inchiriere_new/app/cache/prod/classes.php line 4560 [] []
[2012-03-08 01:54:03] request.ERROR: Symfony\Component\HttpKernel\Exception\NotFoundHttpException: No route found for "GET /images/next.gif" (uncaught exception) at /var/www/inchiriere_new/app/cache/prod/classes.php line 4560 [] []
[2012-03-08 01:54:55] request.ERROR: Symfony\Component\HttpKernel\Exception\NotFoundHttpException: No route found for "GET /images/lightbox-btn-loading.gif" (uncaught exception) at /var/www/inchiriere_new/app/cache/prod/classes.php line 4560 [] []
[2012-03-08 01:56:31] request.ERROR: Symfony\Component\HttpKernel\Exception\NotFoundHttpException: No route found for "GET /uploads/th_th_3109dfa4be3eff3abc40785c39b28510.jpg" (uncaught exception) at /var/www/inchiriere_new/app/cache/prod/classes.php line 4560 [] []
[2012-03-08 01:56:31] request.ERROR: Symfony\Component\HttpKernel\Exception\NotFoundHttpException: No route found for "GET /uploads/th_th_dbcc925cec8915a298bacae1cb131c6e.jpg" (uncaught exception) at /var/www/inchiriere_new/app/cache/prod/classes.php line 4560 [] []
[2012-03-08 01:56:37] request.ERROR: Symfony\Component\HttpKernel\Exception\NotFoundHttpException: No route found for "GET /images/lightbox-btn-loading.gif" (uncaught exception) at /var/www/inchiriere_new/app/cache/prod/classes.php line 4560 [] []
[2012-03-08 10:35:53] request.ERROR: Symfony\Component\HttpKernel\Exception\NotFoundHttpException: No route found for "GET /images/lightbox-btn-loading.gif" (uncaught exception) at /var/www/inchiriere_new/app/cache/prod/classes.php line 4560 [] []
[2012-03-08 11:53:29] request.ERROR: Symfony\Component\HttpKernel\Exception\NotFoundHttpException: No route found for "GET /images/lightbox-btn-loading.gif" (uncaught exception) at /var/www/inchiriere_new/app/cache/prod/classes.php line 4560 [] []
[2012-03-08 12:14:22] request.ERROR: Symfony\Component\HttpKernel\Exception\NotFoundHttpException: No route found for "GET /images/lightbox-btn-loading.gif" (uncaught exception) at /var/www/inchiriere_new/app/cache/prod/classes.php line 4560 [] []
[2012-03-08 12:18:42] request.ERROR: Symfony\Component\HttpKernel\Exception\NotFoundHttpException: No route found for "GET /images/lightbox-btn-loading.gif" (uncaught exception) at /var/www/inchiriere_new/app/cache/prod/classes.php line 4560 [] []
[2012-03-08 12:18:44] request.ERROR: Symfony\Component\HttpKernel\Exception\NotFoundHttpException: No route found for "GET /images/lightbox-btn-loading.gif" (uncaught exception) at /var/www/inchiriere_new/app/cache/prod/classes.php line 4560 [] []
[2012-03-08 12:18:45] request.ERROR: Symfony\Component\HttpKernel\Exception\NotFoundHttpException: No route found for "GET /images/lightbox-btn-loading.gif" (uncaught exception) at /var/www/inchiriere_new/app/cache/prod/classes.php line 4560 [] []
[2012-03-08 15:17:05] request.ERROR: Symfony\Component\HttpKernel\Exception\NotFoundHttpException: No route found for "GET /images/lightbox-btn-loading.gif" (uncaught exception) at /var/www/inchiriere_new/app/cache/prod/classes.php line 4560 [] []
[2012-03-08 15:32:00] request.ERROR: Symfony\Component\HttpKernel\Exception\NotFoundHttpException: No route found for "GET /images/lightbox-btn-loading.gif" (uncaught exception) at /var/www/inchiriere_new/app/cache/prod/classes.php line 4560 [] []
[2012-03-08 15:32:01] request.ERROR: Symfony\Component\HttpKernel\Exception\NotFoundHttpException: No route found for "GET /images/lightbox-btn-loading.gif" (uncaught exception) at /var/www/inchiriere_new/app/cache/prod/classes.php line 4560 [] []
[2012-03-08 15:32:04] request.ERROR: Symfony\Component\HttpKernel\Exception\NotFoundHttpException: No route found for "GET /images/lightbox-btn-loading.gif" (uncaught exception) at /var/www/inchiriere_new/app/cache/prod/classes.php line 4560 [] []
[2012-03-08 15:39:53] request.ERROR: Symfony\Component\HttpKernel\Exception\NotFoundHttpException: No route found for "GET /images/lightbox-btn-loading.gif" (uncaught exception) at /var/www/inchiriere_new/app/cache/prod/classes.php line 4560 [] []
[2012-03-08 17:30:27] request.ERROR: Symfony\Component\HttpKernel\Exception\NotFoundHttpException: No route found for "GET /images/lightbox-btn-loading.gif" (uncaught exception) at /var/www/inchiriere_new/app/cache/prod/classes.php line 4560 [] []
[2012-03-08 23:19:26] request.ERROR: Symfony\Component\HttpKernel\Exception\NotFoundHttpException: No route found for "GET /images/lightbox-btn-loading.gif" (uncaught exception) at /var/www/inchiriere_new/app/cache/prod/classes.php line 4560 [] []
[2012-10-01 10:26:36] request.ERROR: Symfony\Component\HttpKernel\Exception\NotFoundHttpException: No route found for "HEAD /" (uncaught exception) at /var/www/inchiriere_new/app/cache/prod/classes.php line 4560 [] []
[2012-10-01 10:26:42] request.ERROR: Symfony\Component\HttpKernel\Exception\NotFoundHttpException: No route found for "GET /" (uncaught exception) at /var/www/inchiriere_new/app/cache/prod/classes.php line 4560 [] []
[2012-10-03 18:44:42] request.ERROR: Symfony\Component\HttpKernel\Exception\NotFoundHttpException: No route found for "GET /gazda-md-chirie-in-chisinau" (uncaught exception) at /var/www/inchiriere_new/app/cache/prod/classes.php line 4560 [] []
[2012-10-03 18:45:54] request.ERROR: Symfony\Component\HttpKernel\Exception\NotFoundHttpException: No route found for "GET /gazda-md-chirie-in-chisinau" (uncaught exception) at /var/www/inchiriere_new/app/cache/prod/classes.php line 4560 [] []
[2012-10-03 18:45:56] request.ERROR: Symfony\Component\HttpKernel\Exception\NotFoundHttpException: No route found for "GET /gazda-md-chirie-in-chisinau" (uncaught exception) at /var/www/inchiriere_new/app/cache/prod/classes.php line 4560 [] []
[2012-10-03 18:45:57] request.ERROR: Symfony\Component\HttpKernel\Exception\NotFoundHttpException: No route found for "GET /gazda-md-chirie-in-chisinau" (uncaught exception) at /var/www/inchiriere_new/app/cache/prod/classes.php line 4560 [] []
[2012-10-03 18:45:57] request.ERROR: Symfony\Component\HttpKernel\Exception\NotFoundHttpException: No route found for "GET /gazda-md-chirie-in-chisinau" (uncaught exception) at /var/www/inchiriere_new/app/cache/prod/classes.php line 4560 [] []
[2012-10-03 18:45:58] request.ERROR: Symfony\Component\HttpKernel\Exception\NotFoundHttpException: No route found for "GET /gazda-md-chirie-in-chisinau" (uncaught exception) at /var/www/inchiriere_new/app/cache/prod/classes.php line 4560 [] []
[2012-10-03 18:45:58] request.ERROR: Symfony\Component\HttpKernel\Exception\NotFoundHttpException: No route found for "GET /gazda-md-chirie-in-chisinau" (uncaught exception) at /var/www/inchiriere_new/app/cache/prod/classes.php line 4560 [] []
[2012-10-03 18:45:58] request.ERROR: Symfony\Component\HttpKernel\Exception\NotFoundHttpException: No route found for "GET /gazda-md-chirie-in-chisinau" (uncaught exception) at /var/www/inchiriere_new/app/cache/prod/classes.php line 4560 [] []
[2012-10-04 21:46:06] event.DEBUG: Notified event "kernel.request" to listener "Symfony\Bundle\FrameworkBundle\EventListener\RouterListener::onEarlyKernelRequest". [] []
[2012-10-04 21:46:06] event.DEBUG: Notified event "kernel.request" to listener "Symfony\Bundle\FrameworkBundle\EventListener\SessionListener::onKernelRequest". [] []
[2012-10-04 21:46:06] event.DEBUG: Notified event "kernel.request" to listener "Symfony\Component\Security\Http\Firewall::onKernelRequest". [] []
[2012-10-04 21:46:06] event.DEBUG: Notified event "kernel.request" to listener "Symfony\Bundle\FrameworkBundle\EventListener\RouterListener::onKernelRequest". [] []
[2012-10-04 21:46:06] event.DEBUG: Notified event "kernel.exception" to listener "Symfony\Component\HttpKernel\EventListener\ExceptionListener::onKernelException". [] []
[2012-10-04 21:46:06] request.ERROR: Symfony\Component\HttpKernel\Exception\NotFoundHttpException: No route found for "GET /asdf" (uncaught exception) at /var/www/inchiriere_new/app/cache/prod/classes.php line 4560 [] []
[2012-10-04 21:46:06] event.DEBUG: Notified event "kernel.request" to listener "Symfony\Bundle\FrameworkBundle\EventListener\RouterListener::onEarlyKernelRequest". [] []
[2012-10-04 21:46:06] event.DEBUG: Notified event "kernel.request" to listener "Symfony\Bundle\FrameworkBundle\EventListener\SessionListener::onKernelRequest". [] []
[2012-10-04 21:46:06] event.DEBUG: Notified event "kernel.request" to listener "Symfony\Component\Security\Http\Firewall::onKernelRequest". [] []
[2012-10-04 21:46:06] event.DEBUG: Notified event "kernel.request" to listener "Symfony\Bundle\FrameworkBundle\EventListener\RouterListener::onKernelRequest". [] []
[2012-10-04 21:46:06] event.DEBUG: Notified event "kernel.controller" to listener "Sensio\Bundle\FrameworkExtraBundle\EventListener\ControllerListener::onKernelController". [] []
[2012-10-04 21:46:06] event.DEBUG: Notified event "kernel.controller" to listener "Sensio\Bundle\FrameworkExtraBundle\EventListener\ParamConverterListener::onKernelController". [] []
[2012-10-04 21:46:06] event.DEBUG: Notified event "kernel.controller" to listener "Sensio\Bundle\FrameworkExtraBundle\EventListener\TemplateListener::onKernelController". [] []
[2012-10-04 21:46:06] event.DEBUG: Notified event "kernel.controller" to listener "JMS\SecurityExtraBundle\Controller\ControllerListener::onCoreController". [] []
[2012-10-04 21:46:07] event.DEBUG: Notified event "kernel.response" to listener "Symfony\Component\HttpKernel\EventListener\ResponseListener::onKernelResponse". [] []
[2012-10-04 21:46:07] event.DEBUG: Notified event "kernel.response" to listener "Symfony\Bundle\SecurityBundle\EventListener\ResponseListener::onKernelResponse". [] []
[2012-10-04 21:46:07] event.DEBUG: Notified event "kernel.response" to listener "Sensio\Bundle\FrameworkExtraBundle\EventListener\CacheListener::onKernelResponse". [] []
[2012-10-04 21:46:07] event.DEBUG: Listener "Symfony\Component\HttpKernel\EventListener\ExceptionListener::onKernelException" stopped propagation of the event "kernel.exception". [] []
[2012-10-04 21:46:07] event.DEBUG: Notified event "kernel.response" to listener "Symfony\Component\HttpKernel\EventListener\ResponseListener::onKernelResponse". [] []
[2012-10-04 21:46:07] event.DEBUG: Notified event "kernel.response" to listener "Symfony\Bundle\SecurityBundle\EventListener\ResponseListener::onKernelResponse". [] []
[2012-10-04 21:46:07] event.DEBUG: Notified event "kernel.response" to listener "Sensio\Bundle\FrameworkExtraBundle\EventListener\CacheListener::onKernelResponse". [] []
